<?xml version="1.0" encoding="UTF-8"?>
<!-- Generated by org.testng.reporters.JUnitXMLReporter -->
<testsuite ignored="0" hostname="WIN-0THT6T3VCLL" failures="0" tests="53" name="Surefire test" time="0.075" errors="0" timestamp="2024-12-16T23:18:51 MSK">
  <testcase classname="calc.TestNGCalculatorTest" name="divideByZero" time="0.002"/>
  <testcase classname="calc.TestNGCalculatorTest" name="dotResultAfterDivide" time="0.001"/>
  <testcase classname="calc.TestNGCalculatorTest" name="negativeDividePositive" time="0.001"/>
  <testcase classname="calc.TestNGCalculatorTest" name="negativeMultiplyPositive" time="0.001"/>
  <testcase classname="calc.TestNGCalculatorTest" name="negativeNumsSubtract" time="0.0"/>
  <testcase classname="calc.TestNGCalculatorTest" name="negativeNumsSum" time="0.0"/>
  <testcase classname="calc.TestNGCalculatorTest" name="positiveDivideNegative" time="0.0"/>
  <testcase classname="calc.TestNGCalculatorTest" name="positiveMultiplyNegative" time="0.0"/>
  <testcase classname="calc.TestNGCalculatorTest" name="positiveNumsDivide" time="0.0"/>
  <testcase classname="calc.TestNGCalculatorTest" name="positiveNumsMultiply" time="0.0"/>
  <testcase classname="calc.TestNGCalculatorTest" name="positiveNumsSubtract" time="0.0"/>
  <testcase classname="calc.TestNGCalculatorTest" name="positiveNumsSum" time="0.0"/>
  <testcase classname="calc.TestNGEvenOddCheckerTest" name="checkConsoleText" time="0.001"/>
  <testcase classname="calc.TestNGEvenOddCheckerTest" name="checkEvenConsoleText" time="0.0"/>
  <testcase classname="calc.TestNGEvenOddCheckerTest" name="checkOddConsoleText" time="0.0"/>
  <testcase classname="calc.TestNGEvenOddCheckerTest" name="evenCheck" time="0.0"/>
  <testcase classname="calc.TestNGEvenOddCheckerTest" name="oddCheck" time="0.0"/>
  <testcase classname="calc.TestNGRectangleTest" name="getAreaWithDoubleNums" time="0.001"/>
  <testcase classname="calc.TestNGRectangleTest" name="getAreaWithFirsNegativeNum" time="0.0"/>
  <testcase classname="calc.TestNGRectangleTest" name="getAreaWithNegativeNums" time="0.0"/>
  <testcase classname="calc.TestNGRectangleTest" name="getAreaWithPositiveNums" time="0.0"/>
  <testcase classname="calc.TestNGRectangleTest" name="getAreaWithSecondNegativeNum" time="0.0"/>
  <testcase classname="calc.TestNGRectangleTest" name="getAreaWithZeroNums" time="0.0"/>
  <testcase classname="calc.TestNGRectangleTest" name="getDoubleLength" time="0.0"/>
  <testcase classname="calc.TestNGRectangleTest" name="getDoubleWidth" time="0.0"/>
  <testcase classname="calc.TestNGRectangleTest" name="getNegativeLength" time="0.0"/>
  <testcase classname="calc.TestNGRectangleTest" name="getNegativeWidth" time="0.0"/>
  <testcase classname="calc.TestNGRectangleTest" name="getPositiveLength" time="0.0"/>
  <testcase classname="calc.TestNGRectangleTest" name="getPositiveWidth" time="0.0"/>
  <testcase classname="calc.TestNGRectangleTest" name="setDoubleLength" time="0.0"/>
  <testcase classname="calc.TestNGRectangleTest" name="setDoubleWidth" time="0.0"/>
  <testcase classname="calc.TestNGRectangleTest" name="setNegativeLength" time="0.001"/>
  <testcase classname="calc.TestNGRectangleTest" name="setNegativeWidth" time="0.0"/>
  <testcase classname="calc.TestNGRectangleTest" name="setPositiveLength" time="0.0"/>
  <testcase classname="calc.TestNGRectangleTest" name="setPositiveWidth" time="0.0"/>
  <testcase classname="calc.TestNGRectangleTest" name="setZeroLength" time="0.0"/>
  <testcase classname="calc.TestNGRectangleTest" name="setZeroWidth" time="0.0"/>
  <testcase classname="people.TestNGgetSkillTest" name="skillTestAQA" time="0.001"/>
  <testcase classname="people.TestNGgetSkillTest" name="skillTestAQA" time="0.001"/>
  <testcase classname="people.TestNGgetSkillTest" name="skillTestQA" time="0.0"/>
  <testcase classname="people.TestNGgetSkillTest" name="skillTestQA" time="0.001"/>
  <testcase classname="people.TestNGnotRelevantAgeTest" name="setNotRelevantAgeToConstructorAQA" time="0.0"/>
  <testcase classname="people.TestNGnotRelevantAgeTest" name="setNotRelevantAgeToConstructorAQA" time="0.0"/>
  <testcase classname="people.TestNGnotRelevantAgeTest" name="setNotRelevantAgeToConstructorAQA" time="0.0"/>
  <testcase classname="people.TestNGnotRelevantAgeTest" name="setNotRelevantAgeToConstructorQA" time="0.0"/>
  <testcase classname="people.TestNGnotRelevantAgeTest" name="setNotRelevantAgeToConstructorQA" time="0.0"/>
  <testcase classname="people.TestNGnotRelevantAgeTest" name="setNotRelevantAgeToConstructorQA" time="0.0"/>
  <testcase classname="people.TestNGnotRelevantAgeTest" name="setNotRelevantAgeToSetterAQA" time="0.001"/>
  <testcase classname="people.TestNGnotRelevantAgeTest" name="setNotRelevantAgeToSetterAQA" time="0.0"/>
  <testcase classname="people.TestNGnotRelevantAgeTest" name="setNotRelevantAgeToSetterAQA" time="0.0"/>
  <testcase classname="people.TestNGnotRelevantAgeTest" name="setNotRelevantAgeToSetterQA" time="0.0"/>
  <testcase classname="people.TestNGnotRelevantAgeTest" name="setNotRelevantAgeToSetterQA" time="0.0"/>
  <testcase classname="people.TestNGnotRelevantAgeTest" name="setNotRelevantAgeToSetterQA" time="0.001"/>
</testsuite> <!-- Surefire test -->
