<?xml version="1.0" encoding="UTF-8"?>
<testsuite xmlns:xsi="http://www.w3.org/2001/XMLSchema-instance" xsi:noNamespaceSchemaLocation="https://maven.apache.org/surefire/maven-surefire-plugin/xsd/surefire-test-report.xsd" version="3.0.2" name="TestSuite" time="0.471" tests="53" errors="0" skipped="0" failures="0">
  <properties>
[...]
</properties>
  <testcase name="divideByZero" classname="calc.TestNGCalculatorTest" time="0.002">
    <system-err><![CDATA[SLF4J: Failed to load class "org.slf4j.impl.StaticLoggerBinder".
SLF4J: Defaulting to no-operation (NOP) logger implementation
SLF4J: See http://www.slf4j.org/codes.html#StaticLoggerBinder for further details.
]]></system-err>
  </testcase>
  <testcase name="dotResultAfterDivide" classname="calc.TestNGCalculatorTest" time="0.002"/>
  <testcase name="negativeDividePositive" classname="calc.TestNGCalculatorTest" time="0.0"/>
  <testcase name="negativeMultiplyPositive" classname="calc.TestNGCalculatorTest" time="0.0"/>
  <testcase name="negativeNumsSubtract" classname="calc.TestNGCalculatorTest" time="0.0"/>
  <testcase name="negativeNumsSum" classname="calc.TestNGCalculatorTest" time="0.0"/>
  <testcase name="positiveDivideNegative" classname="calc.TestNGCalculatorTest" time="0.0"/>
  <testcase name="positiveMultiplyNegative" classname="calc.TestNGCalculatorTest" time="0.0"/>
  <testcase name="positiveNumsDivide" classname="calc.TestNGCalculatorTest" time="0.0"/>
  <testcase name="positiveNumsMultiply" classname="calc.TestNGCalculatorTest" time="0.0"/>
  <testcase name="positiveNumsSubtract" classname="calc.TestNGCalculatorTest" time="0.001"/>
  <testcase name="positiveNumsSum" classname="calc.TestNGCalculatorTest" time="0.0"/>
  <testcase name="checkConsoleText" classname="calc.TestNGEvenOddCheckerTest" time="0.001"/>
  <testcase name="checkEvenConsoleText" classname="calc.TestNGEvenOddCheckerTest" time="0.001"/>
  <testcase name="checkOddConsoleText" classname="calc.TestNGEvenOddCheckerTest" time="0.0"/>
  <testcase name="evenCheck" classname="calc.TestNGEvenOddCheckerTest" time="0.0"/>
  <testcase name="oddCheck" classname="calc.TestNGEvenOddCheckerTest" time="0.0"/>
  <testcase name="getAreaWithDoubleNums" classname="calc.TestNGRectangleTest" time="0.0"/>
  <testcase name="getAreaWithFirsNegativeNum" classname="calc.TestNGRectangleTest" time="0.001"/>
  <testcase name="getAreaWithNegativeNums" classname="calc.TestNGRectangleTest" time="0.0"/>
  <testcase name="getAreaWithPositiveNums" classname="calc.TestNGRectangleTest" time="0.001"/>
  <testcase name="getAreaWithSecondNegativeNum" classname="calc.TestNGRectangleTest" time="0.0"/>
  <testcase name="getAreaWithZeroNums" classname="calc.TestNGRectangleTest" time="0.001"/>
  <testcase name="getDoubleLength" classname="calc.TestNGRectangleTest" time="0.0"/>
  <testcase name="getDoubleWidth" classname="calc.TestNGRectangleTest" time="0.001"/>
  <testcase name="getNegativeLength" classname="calc.TestNGRectangleTest" time="0.0"/>
  <testcase name="getNegativeWidth" classname="calc.TestNGRectangleTest" time="0.0"/>
  <testcase name="getPositiveLength" classname="calc.TestNGRectangleTest" time="0.0"/>
  <testcase name="getPositiveWidth" classname="calc.TestNGRectangleTest" time="0.0"/>
  <testcase name="setDoubleLength" classname="calc.TestNGRectangleTest" time="0.0"/>
  <testcase name="setDoubleWidth" classname="calc.TestNGRectangleTest" time="0.0"/>
  <testcase name="setNegativeLength" classname="calc.TestNGRectangleTest" time="0.0"/>
  <testcase name="setNegativeWidth" classname="calc.TestNGRectangleTest" time="0.0"/>
  <testcase name="setPositiveLength" classname="calc.TestNGRectangleTest" time="0.001"/>
  <testcase name="setPositiveWidth" classname="calc.TestNGRectangleTest" time="0.0"/>
  <testcase name="setZeroLength" classname="calc.TestNGRectangleTest" time="0.0"/>
  <testcase name="setZeroWidth" classname="calc.TestNGRectangleTest" time="0.0"/>
  <testcase name="skillTestAQA[0](1)" classname="people.TestNGgetSkillTest" time="0.0"/>
  <testcase name="skillTestAQA[7](2)" classname="people.TestNGgetSkillTest" time="0.0"/>
  <testcase name="skillTestQA[0](1)" classname="people.TestNGgetSkillTest" time="0.0"/>
  <testcase name="skillTestQA[7](2)" classname="people.TestNGgetSkillTest" time="0.0"/>
  <testcase name="setNotRelevantAgeToConstructorAQA[66](1)" classname="people.TestNGnotRelevantAgeTest" time="0.001"/>
  <testcase name="setNotRelevantAgeToConstructorAQA[17](2)" classname="people.TestNGnotRelevantAgeTest" time="0.0"/>
  <testcase name="setNotRelevantAgeToConstructorAQA[-20](3)" classname="people.TestNGnotRelevantAgeTest" time="0.0"/>
  <testcase name="setNotRelevantAgeToConstructorQA[66](1)" classname="people.TestNGnotRelevantAgeTest" time="0.001"/>
  <testcase name="setNotRelevantAgeToConstructorQA[17](2)" classname="people.TestNGnotRelevantAgeTest" time="0.0"/>
  <testcase name="setNotRelevantAgeToConstructorQA[-20](3)" classname="people.TestNGnotRelevantAgeTest" time="0.0"/>
  <testcase name="setNotRelevantAgeToSetterAQA[66](1)" classname="people.TestNGnotRelevantAgeTest" time="0.0"/>
  <testcase name="setNotRelevantAgeToSetterAQA[17](2)" classname="people.TestNGnotRelevantAgeTest" time="0.0"/>
  <testcase name="setNotRelevantAgeToSetterAQA[-20](3)" classname="people.TestNGnotRelevantAgeTest" time="0.0"/>
  <testcase name="setNotRelevantAgeToSetterQA[66](1)" classname="people.TestNGnotRelevantAgeTest" time="0.0"/>
  <testcase name="setNotRelevantAgeToSetterQA[17](2)" classname="people.TestNGnotRelevantAgeTest" time="0.0"/>
  <testcase name="setNotRelevantAgeToSetterQA[-20](3)" classname="people.TestNGnotRelevantAgeTest" time="0.0"/>
</testsuite>